mode: set
github.com/Learning-Go-Server-Development/OrderServiceV3/manager/CustomerManager.go:11.62,13.17 2 1
github.com/Learning-Go-Server-Development/OrderServiceV3/manager/CustomerManager.go:13.17,16.17 3 1
github.com/Learning-Go-Server-Development/OrderServiceV3/manager/CustomerManager.go:16.17,20.36 4 1
github.com/Learning-Go-Server-Development/OrderServiceV3/manager/CustomerManager.go:20.36,25.5 4 1
github.com/Learning-Go-Server-Development/OrderServiceV3/manager/CustomerManager.go:29.2,29.13 1 1
github.com/Learning-Go-Server-Development/OrderServiceV3/manager/CustomerManager.go:32.78,34.14 2 1
github.com/Learning-Go-Server-Development/OrderServiceV3/manager/CustomerManager.go:34.14,38.17 4 1
github.com/Learning-Go-Server-Development/OrderServiceV3/manager/CustomerManager.go:38.17,42.36 4 1
github.com/Learning-Go-Server-Development/OrderServiceV3/manager/CustomerManager.go:42.36,44.5 1 1
github.com/Learning-Go-Server-Development/OrderServiceV3/manager/CustomerManager.go:47.2,47.13 1 1
github.com/Learning-Go-Server-Development/OrderServiceV3/manager/itemManager.go:9.55,11.14 2 1
github.com/Learning-Go-Server-Development/OrderServiceV3/manager/itemManager.go:11.14,16.10 5 1
github.com/Learning-Go-Server-Development/OrderServiceV3/manager/itemManager.go:16.10,20.4 3 1
github.com/Learning-Go-Server-Development/OrderServiceV3/manager/itemManager.go:20.9,22.4 1 0
github.com/Learning-Go-Server-Development/OrderServiceV3/manager/itemManager.go:23.8,26.3 2 0
github.com/Learning-Go-Server-Development/OrderServiceV3/manager/itemManager.go:27.2,27.13 1 1
github.com/Learning-Go-Server-Development/OrderServiceV3/manager/itemManager.go:30.56,32.14 2 1
github.com/Learning-Go-Server-Development/OrderServiceV3/manager/itemManager.go:32.14,38.10 6 1
github.com/Learning-Go-Server-Development/OrderServiceV3/manager/itemManager.go:38.10,41.4 2 1
github.com/Learning-Go-Server-Development/OrderServiceV3/manager/itemManager.go:41.9,43.4 1 0
github.com/Learning-Go-Server-Development/OrderServiceV3/manager/itemManager.go:44.8,47.3 2 0
github.com/Learning-Go-Server-Development/OrderServiceV3/manager/itemManager.go:48.2,48.13 1 1
github.com/Learning-Go-Server-Development/OrderServiceV3/manager/itemManager.go:51.54,53.14 2 1
github.com/Learning-Go-Server-Development/OrderServiceV3/manager/itemManager.go:53.14,55.20 2 1
github.com/Learning-Go-Server-Development/OrderServiceV3/manager/itemManager.go:55.20,56.29 1 1
github.com/Learning-Go-Server-Development/OrderServiceV3/manager/itemManager.go:56.29,62.5 5 1
github.com/Learning-Go-Server-Development/OrderServiceV3/manager/itemManager.go:65.2,65.13 1 1
github.com/Learning-Go-Server-Development/OrderServiceV3/manager/itemManager.go:68.58,70.14 2 1
github.com/Learning-Go-Server-Development/OrderServiceV3/manager/itemManager.go:70.14,72.10 2 1
github.com/Learning-Go-Server-Development/OrderServiceV3/manager/itemManager.go:72.10,75.4 2 1
github.com/Learning-Go-Server-Development/OrderServiceV3/manager/itemManager.go:75.9,77.4 1 0
github.com/Learning-Go-Server-Development/OrderServiceV3/manager/itemManager.go:78.8,81.3 2 0
github.com/Learning-Go-Server-Development/OrderServiceV3/manager/itemManager.go:82.2,82.13 1 1
github.com/Learning-Go-Server-Development/OrderServiceV3/manager/mockServiceManager.go:32.61,34.2 1 0
github.com/Learning-Go-Server-Development/OrderServiceV3/manager/mockServiceManager.go:36.62,38.2 1 0
github.com/Learning-Go-Server-Development/OrderServiceV3/manager/mockServiceManager.go:40.56,42.2 1 0
github.com/Learning-Go-Server-Development/OrderServiceV3/manager/mockServiceManager.go:44.67,46.2 1 0
github.com/Learning-Go-Server-Development/OrderServiceV3/manager/mockServiceManager.go:48.64,50.2 1 0
github.com/Learning-Go-Server-Development/OrderServiceV3/manager/mockServiceManager.go:52.69,54.2 1 0
github.com/Learning-Go-Server-Development/OrderServiceV3/manager/mockServiceManager.go:56.59,58.2 1 0
github.com/Learning-Go-Server-Development/OrderServiceV3/manager/mockServiceManager.go:60.60,62.2 1 0
github.com/Learning-Go-Server-Development/OrderServiceV3/manager/mockServiceManager.go:64.58,66.2 1 0
github.com/Learning-Go-Server-Development/OrderServiceV3/manager/mockServiceManager.go:68.62,70.2 1 0
github.com/Learning-Go-Server-Development/OrderServiceV3/manager/mockServiceManager.go:72.66,74.2 1 0
github.com/Learning-Go-Server-Development/OrderServiceV3/manager/mockServiceManager.go:76.82,78.2 1 0
github.com/Learning-Go-Server-Development/OrderServiceV3/manager/mockServiceManager.go:80.62,82.2 1 0
github.com/Learning-Go-Server-Development/OrderServiceV3/manager/mockServiceManager.go:84.44,86.2 1 0
github.com/Learning-Go-Server-Development/OrderServiceV3/manager/orderManager.go:11.57,13.14 2 1
github.com/Learning-Go-Server-Development/OrderServiceV3/manager/orderManager.go:13.14,18.10 5 1
github.com/Learning-Go-Server-Development/OrderServiceV3/manager/orderManager.go:18.10,22.4 3 1
github.com/Learning-Go-Server-Development/OrderServiceV3/manager/orderManager.go:22.9,24.4 1 0
github.com/Learning-Go-Server-Development/OrderServiceV3/manager/orderManager.go:25.8,28.3 2 0
github.com/Learning-Go-Server-Development/OrderServiceV3/manager/orderManager.go:29.2,29.13 1 1
github.com/Learning-Go-Server-Development/OrderServiceV3/manager/orderManager.go:32.58,34.14 2 1
github.com/Learning-Go-Server-Development/OrderServiceV3/manager/orderManager.go:34.14,40.10 6 1
github.com/Learning-Go-Server-Development/OrderServiceV3/manager/orderManager.go:40.10,43.4 2 1
github.com/Learning-Go-Server-Development/OrderServiceV3/manager/orderManager.go:43.9,45.4 1 0
github.com/Learning-Go-Server-Development/OrderServiceV3/manager/orderManager.go:46.8,49.3 2 0
github.com/Learning-Go-Server-Development/OrderServiceV3/manager/orderManager.go:50.2,50.13 1 1
github.com/Learning-Go-Server-Development/OrderServiceV3/manager/orderManager.go:53.52,55.13 2 1
github.com/Learning-Go-Server-Development/OrderServiceV3/manager/orderManager.go:55.13,57.30 2 1
github.com/Learning-Go-Server-Development/OrderServiceV3/manager/orderManager.go:57.30,63.4 5 1
github.com/Learning-Go-Server-Development/OrderServiceV3/manager/orderManager.go:65.2,65.13 1 1
github.com/Learning-Go-Server-Development/OrderServiceV3/manager/orderManager.go:68.63,70.14 2 1
github.com/Learning-Go-Server-Development/OrderServiceV3/manager/orderManager.go:70.14,72.20 2 1
github.com/Learning-Go-Server-Development/OrderServiceV3/manager/orderManager.go:72.20,73.29 1 1
github.com/Learning-Go-Server-Development/OrderServiceV3/manager/orderManager.go:73.29,81.5 7 1
github.com/Learning-Go-Server-Development/OrderServiceV3/manager/orderManager.go:84.2,84.13 1 1
github.com/Learning-Go-Server-Development/OrderServiceV3/manager/orderManager.go:87.60,89.14 2 1
github.com/Learning-Go-Server-Development/OrderServiceV3/manager/orderManager.go:89.14,93.17 4 1
github.com/Learning-Go-Server-Development/OrderServiceV3/manager/orderManager.go:93.17,97.36 4 1
github.com/Learning-Go-Server-Development/OrderServiceV3/manager/orderManager.go:97.36,98.29 1 1
github.com/Learning-Go-Server-Development/OrderServiceV3/manager/orderManager.go:98.29,104.6 5 1
github.com/Learning-Go-Server-Development/OrderServiceV3/manager/orderManager.go:108.2,108.13 1 1
github.com/Learning-Go-Server-Development/OrderServiceV3/manager/orderManager.go:111.65,113.13 2 1
github.com/Learning-Go-Server-Development/OrderServiceV3/manager/orderManager.go:113.13,115.10 2 1
github.com/Learning-Go-Server-Development/OrderServiceV3/manager/orderManager.go:115.10,118.4 2 1
github.com/Learning-Go-Server-Development/OrderServiceV3/manager/orderManager.go:118.9,120.4 1 0
github.com/Learning-Go-Server-Development/OrderServiceV3/manager/orderManager.go:121.8,124.3 2 0
github.com/Learning-Go-Server-Development/OrderServiceV3/manager/orderManager.go:125.2,125.13 1 1
github.com/Learning-Go-Server-Development/OrderServiceV3/manager/productManager.go:8.58,10.15 2 1
github.com/Learning-Go-Server-Development/OrderServiceV3/manager/productManager.go:10.15,13.17 3 1
github.com/Learning-Go-Server-Development/OrderServiceV3/manager/productManager.go:13.17,17.36 4 1
github.com/Learning-Go-Server-Development/OrderServiceV3/manager/productManager.go:17.36,22.5 4 1
github.com/Learning-Go-Server-Development/OrderServiceV3/manager/productManager.go:25.2,25.13 1 1
github.com/Learning-Go-Server-Development/OrderServiceV3/manager/serviceManager.go:16.40,18.2 1 1
