mode: set
github.com/Learning-Go-Server-Development/OrderServiceV3/delegate/addressDelegate.go:21.86,23.21 2 1
github.com/Learning-Go-Server-Development/OrderServiceV3/delegate/addressDelegate.go:23.21,24.29 1 1
github.com/Learning-Go-Server-Development/OrderServiceV3/delegate/addressDelegate.go:24.29,33.4 8 1
github.com/Learning-Go-Server-Development/OrderServiceV3/delegate/addressDelegate.go:35.2,35.13 1 1
github.com/Learning-Go-Server-Development/OrderServiceV3/delegate/delegate.go:10.42,12.2 1 1
