mode: set
github.com/Learning-Go-Server-Development/OrderServiceV3/handlers/customerHandler.go:14.78,19.10 5 1
github.com/Learning-Go-Server-Development/OrderServiceV3/handlers/customerHandler.go:19.10,23.21 4 1
github.com/Learning-Go-Server-Development/OrderServiceV3/handlers/customerHandler.go:23.21,25.15 2 1
github.com/Learning-Go-Server-Development/OrderServiceV3/handlers/customerHandler.go:25.15,27.17 2 1
github.com/Learning-Go-Server-Development/OrderServiceV3/handlers/customerHandler.go:27.17,31.6 3 1
github.com/Learning-Go-Server-Development/OrderServiceV3/handlers/customerHandler.go:31.11,33.6 1 0
github.com/Learning-Go-Server-Development/OrderServiceV3/handlers/customerHandler.go:34.10,36.5 1 0
github.com/Learning-Go-Server-Development/OrderServiceV3/handlers/customerHandler.go:37.9,39.4 1 0
github.com/Learning-Go-Server-Development/OrderServiceV3/handlers/customerHandler.go:40.8,42.3 1 0
github.com/Learning-Go-Server-Development/OrderServiceV3/handlers/customerHandler.go:45.87,50.10 5 1
github.com/Learning-Go-Server-Development/OrderServiceV3/handlers/customerHandler.go:50.10,54.21 4 1
github.com/Learning-Go-Server-Development/OrderServiceV3/handlers/customerHandler.go:54.21,57.21 3 1
github.com/Learning-Go-Server-Development/OrderServiceV3/handlers/customerHandler.go:57.21,59.18 2 1
github.com/Learning-Go-Server-Development/OrderServiceV3/handlers/customerHandler.go:59.18,63.6 3 1
github.com/Learning-Go-Server-Development/OrderServiceV3/handlers/customerHandler.go:63.11,65.6 1 0
github.com/Learning-Go-Server-Development/OrderServiceV3/handlers/customerHandler.go:66.10,68.5 1 0
github.com/Learning-Go-Server-Development/OrderServiceV3/handlers/customerHandler.go:69.9,71.4 1 0
github.com/Learning-Go-Server-Development/OrderServiceV3/handlers/customerHandler.go:72.8,74.3 1 0
github.com/Learning-Go-Server-Development/OrderServiceV3/handlers/itemHandler.go:15.74,20.10 5 1
github.com/Learning-Go-Server-Development/OrderServiceV3/handlers/itemHandler.go:20.10,23.10 3 1
github.com/Learning-Go-Server-Development/OrderServiceV3/handlers/itemHandler.go:23.10,25.4 1 0
github.com/Learning-Go-Server-Development/OrderServiceV3/handlers/itemHandler.go:25.9,30.25 5 1
github.com/Learning-Go-Server-Development/OrderServiceV3/handlers/itemHandler.go:30.25,32.5 1 0
github.com/Learning-Go-Server-Development/OrderServiceV3/handlers/itemHandler.go:32.10,35.33 3 1
github.com/Learning-Go-Server-Development/OrderServiceV3/handlers/itemHandler.go:35.33,39.6 3 1
github.com/Learning-Go-Server-Development/OrderServiceV3/handlers/itemHandler.go:39.11,41.6 1 0
github.com/Learning-Go-Server-Development/OrderServiceV3/handlers/itemHandler.go:44.8,46.3 1 0
github.com/Learning-Go-Server-Development/OrderServiceV3/handlers/itemHandler.go:49.77,54.10 5 1
github.com/Learning-Go-Server-Development/OrderServiceV3/handlers/itemHandler.go:54.10,57.10 3 1
github.com/Learning-Go-Server-Development/OrderServiceV3/handlers/itemHandler.go:57.10,59.4 1 0
github.com/Learning-Go-Server-Development/OrderServiceV3/handlers/itemHandler.go:59.9,64.25 5 1
github.com/Learning-Go-Server-Development/OrderServiceV3/handlers/itemHandler.go:64.25,66.5 1 0
github.com/Learning-Go-Server-Development/OrderServiceV3/handlers/itemHandler.go:66.10,69.19 3 1
github.com/Learning-Go-Server-Development/OrderServiceV3/handlers/itemHandler.go:69.19,73.6 3 1
github.com/Learning-Go-Server-Development/OrderServiceV3/handlers/itemHandler.go:73.11,75.6 1 0
github.com/Learning-Go-Server-Development/OrderServiceV3/handlers/itemHandler.go:78.8,80.3 1 0
github.com/Learning-Go-Server-Development/OrderServiceV3/handlers/itemHandler.go:83.75,88.10 5 1
github.com/Learning-Go-Server-Development/OrderServiceV3/handlers/itemHandler.go:88.10,92.21 4 1
github.com/Learning-Go-Server-Development/OrderServiceV3/handlers/itemHandler.go:92.21,95.21 3 1
github.com/Learning-Go-Server-Development/OrderServiceV3/handlers/itemHandler.go:95.21,97.18 2 1
github.com/Learning-Go-Server-Development/OrderServiceV3/handlers/itemHandler.go:97.18,101.6 3 1
github.com/Learning-Go-Server-Development/OrderServiceV3/handlers/itemHandler.go:101.11,103.6 1 0
github.com/Learning-Go-Server-Development/OrderServiceV3/handlers/itemHandler.go:104.10,106.5 1 0
github.com/Learning-Go-Server-Development/OrderServiceV3/handlers/itemHandler.go:107.9,109.4 1 0
github.com/Learning-Go-Server-Development/OrderServiceV3/handlers/itemHandler.go:110.8,112.3 1 0
github.com/Learning-Go-Server-Development/OrderServiceV3/handlers/itemHandler.go:115.77,120.10 5 1
github.com/Learning-Go-Server-Development/OrderServiceV3/handlers/itemHandler.go:120.10,124.21 4 1
github.com/Learning-Go-Server-Development/OrderServiceV3/handlers/itemHandler.go:124.21,127.21 3 1
github.com/Learning-Go-Server-Development/OrderServiceV3/handlers/itemHandler.go:127.21,129.18 2 1
github.com/Learning-Go-Server-Development/OrderServiceV3/handlers/itemHandler.go:129.18,133.6 3 1
github.com/Learning-Go-Server-Development/OrderServiceV3/handlers/itemHandler.go:133.11,135.6 1 0
github.com/Learning-Go-Server-Development/OrderServiceV3/handlers/itemHandler.go:136.10,138.5 1 0
github.com/Learning-Go-Server-Development/OrderServiceV3/handlers/itemHandler.go:139.9,141.4 1 0
github.com/Learning-Go-Server-Development/OrderServiceV3/handlers/itemHandler.go:142.8,144.3 1 0
github.com/Learning-Go-Server-Development/OrderServiceV3/handlers/orderHandler.go:15.75,20.10 5 1
github.com/Learning-Go-Server-Development/OrderServiceV3/handlers/orderHandler.go:20.10,23.10 3 1
github.com/Learning-Go-Server-Development/OrderServiceV3/handlers/orderHandler.go:23.10,25.4 1 0
github.com/Learning-Go-Server-Development/OrderServiceV3/handlers/orderHandler.go:25.9,30.25 5 1
github.com/Learning-Go-Server-Development/OrderServiceV3/handlers/orderHandler.go:30.25,32.5 1 0
github.com/Learning-Go-Server-Development/OrderServiceV3/handlers/orderHandler.go:32.10,35.33 3 1
github.com/Learning-Go-Server-Development/OrderServiceV3/handlers/orderHandler.go:35.33,39.6 3 1
github.com/Learning-Go-Server-Development/OrderServiceV3/handlers/orderHandler.go:39.11,41.6 1 0
github.com/Learning-Go-Server-Development/OrderServiceV3/handlers/orderHandler.go:44.8,46.3 1 0
github.com/Learning-Go-Server-Development/OrderServiceV3/handlers/orderHandler.go:49.78,54.10 5 1
github.com/Learning-Go-Server-Development/OrderServiceV3/handlers/orderHandler.go:54.10,57.10 3 1
github.com/Learning-Go-Server-Development/OrderServiceV3/handlers/orderHandler.go:57.10,59.4 1 0
github.com/Learning-Go-Server-Development/OrderServiceV3/handlers/orderHandler.go:59.9,64.25 5 1
github.com/Learning-Go-Server-Development/OrderServiceV3/handlers/orderHandler.go:64.25,66.5 1 0
github.com/Learning-Go-Server-Development/OrderServiceV3/handlers/orderHandler.go:66.10,69.19 3 1
github.com/Learning-Go-Server-Development/OrderServiceV3/handlers/orderHandler.go:69.19,73.6 3 1
github.com/Learning-Go-Server-Development/OrderServiceV3/handlers/orderHandler.go:73.11,75.6 1 0
github.com/Learning-Go-Server-Development/OrderServiceV3/handlers/orderHandler.go:78.8,80.3 1 0
github.com/Learning-Go-Server-Development/OrderServiceV3/handlers/orderHandler.go:83.75,88.10 5 1
github.com/Learning-Go-Server-Development/OrderServiceV3/handlers/orderHandler.go:88.10,92.21 4 1
github.com/Learning-Go-Server-Development/OrderServiceV3/handlers/orderHandler.go:92.21,95.21 3 1
github.com/Learning-Go-Server-Development/OrderServiceV3/handlers/orderHandler.go:95.21,97.17 2 1
github.com/Learning-Go-Server-Development/OrderServiceV3/handlers/orderHandler.go:97.17,101.6 3 1
github.com/Learning-Go-Server-Development/OrderServiceV3/handlers/orderHandler.go:101.11,103.6 1 0
github.com/Learning-Go-Server-Development/OrderServiceV3/handlers/orderHandler.go:104.10,106.5 1 0
github.com/Learning-Go-Server-Development/OrderServiceV3/handlers/orderHandler.go:107.9,109.4 1 0
github.com/Learning-Go-Server-Development/OrderServiceV3/handlers/orderHandler.go:110.8,112.3 1 0
github.com/Learning-Go-Server-Development/OrderServiceV3/handlers/orderHandler.go:115.83,120.10 5 1
github.com/Learning-Go-Server-Development/OrderServiceV3/handlers/orderHandler.go:120.10,124.21 4 1
github.com/Learning-Go-Server-Development/OrderServiceV3/handlers/orderHandler.go:124.21,127.21 3 1
github.com/Learning-Go-Server-Development/OrderServiceV3/handlers/orderHandler.go:127.21,129.18 2 1
github.com/Learning-Go-Server-Development/OrderServiceV3/handlers/orderHandler.go:129.18,133.6 3 1
github.com/Learning-Go-Server-Development/OrderServiceV3/handlers/orderHandler.go:133.11,135.6 1 0
github.com/Learning-Go-Server-Development/OrderServiceV3/handlers/orderHandler.go:136.10,138.5 1 0
github.com/Learning-Go-Server-Development/OrderServiceV3/handlers/orderHandler.go:139.9,141.4 1 0
github.com/Learning-Go-Server-Development/OrderServiceV3/handlers/orderHandler.go:142.8,144.3 1 0
github.com/Learning-Go-Server-Development/OrderServiceV3/handlers/orderHandler.go:147.80,152.10 5 1
github.com/Learning-Go-Server-Development/OrderServiceV3/handlers/orderHandler.go:152.10,156.21 4 1
github.com/Learning-Go-Server-Development/OrderServiceV3/handlers/orderHandler.go:156.21,159.21 3 1
github.com/Learning-Go-Server-Development/OrderServiceV3/handlers/orderHandler.go:159.21,161.18 2 1
github.com/Learning-Go-Server-Development/OrderServiceV3/handlers/orderHandler.go:161.18,165.6 3 1
github.com/Learning-Go-Server-Development/OrderServiceV3/handlers/orderHandler.go:165.11,167.6 1 0
github.com/Learning-Go-Server-Development/OrderServiceV3/handlers/orderHandler.go:168.10,170.5 1 0
github.com/Learning-Go-Server-Development/OrderServiceV3/handlers/orderHandler.go:171.9,173.4 1 0
github.com/Learning-Go-Server-Development/OrderServiceV3/handlers/orderHandler.go:174.8,176.3 1 0
github.com/Learning-Go-Server-Development/OrderServiceV3/handlers/orderHandler.go:179.78,184.10 5 1
github.com/Learning-Go-Server-Development/OrderServiceV3/handlers/orderHandler.go:184.10,188.21 4 1
github.com/Learning-Go-Server-Development/OrderServiceV3/handlers/orderHandler.go:188.21,191.21 3 1
github.com/Learning-Go-Server-Development/OrderServiceV3/handlers/orderHandler.go:191.21,193.18 2 1
github.com/Learning-Go-Server-Development/OrderServiceV3/handlers/orderHandler.go:193.18,197.6 3 1
github.com/Learning-Go-Server-Development/OrderServiceV3/handlers/orderHandler.go:197.11,199.6 1 0
github.com/Learning-Go-Server-Development/OrderServiceV3/handlers/orderHandler.go:200.10,202.5 1 0
github.com/Learning-Go-Server-Development/OrderServiceV3/handlers/orderHandler.go:203.9,205.4 1 0
github.com/Learning-Go-Server-Development/OrderServiceV3/handlers/orderHandler.go:206.8,208.3 1 0
github.com/Learning-Go-Server-Development/OrderServiceV3/handlers/productHandler.go:13.77,18.10 5 1
github.com/Learning-Go-Server-Development/OrderServiceV3/handlers/productHandler.go:18.10,22.21 4 1
github.com/Learning-Go-Server-Development/OrderServiceV3/handlers/productHandler.go:22.21,24.17 2 1
github.com/Learning-Go-Server-Development/OrderServiceV3/handlers/productHandler.go:24.17,26.17 2 1
github.com/Learning-Go-Server-Development/OrderServiceV3/handlers/productHandler.go:26.17,30.6 3 1
github.com/Learning-Go-Server-Development/OrderServiceV3/handlers/productHandler.go:30.11,32.6 1 0
github.com/Learning-Go-Server-Development/OrderServiceV3/handlers/productHandler.go:33.10,35.5 1 0
github.com/Learning-Go-Server-Development/OrderServiceV3/handlers/productHandler.go:36.9,38.4 1 0
github.com/Learning-Go-Server-Development/OrderServiceV3/handlers/productHandler.go:39.8,41.3 1 0
github.com/Learning-Go-Server-Development/OrderServiceV3/handlers/serviceHandler.go:18.40,20.2 1 1
github.com/Learning-Go-Server-Development/OrderServiceV3/handlers/serviceHandler.go:23.61,26.33 3 1
github.com/Learning-Go-Server-Development/OrderServiceV3/handlers/serviceHandler.go:26.33,28.3 1 1
github.com/Learning-Go-Server-Development/OrderServiceV3/handlers/serviceHandler.go:29.2,29.12 1 1
github.com/Learning-Go-Server-Development/OrderServiceV3/handlers/serviceHandler.go:33.64,35.2 1 1
github.com/Learning-Go-Server-Development/OrderServiceV3/handlers/serviceHandler.go:38.78,43.19 4 1
github.com/Learning-Go-Server-Development/OrderServiceV3/handlers/serviceHandler.go:43.19,48.17 3 1
github.com/Learning-Go-Server-Development/OrderServiceV3/handlers/serviceHandler.go:48.17,51.4 1 0
github.com/Learning-Go-Server-Development/OrderServiceV3/handlers/serviceHandler.go:51.9,53.4 1 1
github.com/Learning-Go-Server-Development/OrderServiceV3/handlers/serviceHandler.go:54.8,56.3 1 0
github.com/Learning-Go-Server-Development/OrderServiceV3/handlers/serviceHandler.go:57.2,57.17 1 1
